<?xml version="1.0" encoding="UTF-8"?>
<!-- Generated by org.testng.reporters.JUnitXMLReporter -->
<testsuite ignored="2" hostname="IXED-LAP00336" failures="0" tests="2" name="Test" time="0.04" errors="0" timestamp="2021-12-14T16:08:02 IST">
  <testcase classname="saleniumdemo.Demo1" name="home" time="0.005"/>
  <testcase classname="saleniumdemo.Demo1" name="login" time="0.001"/>
  <testcase classname="saleniumdemo.Demo1" name="logout" time="0.0">
    <ignored/>
  </testcase> <!-- logout -->
  <testcase classname="saleniumdemo.Demo1" name="home2" time="0.0">
    <ignored/>
  </testcase> <!-- home2 -->
</testsuite> <!-- Test -->
