<?xml version="1.0" encoding="UTF-8"?>
<testng-results ignored="0" total="2" passed="2" failed="0" skipped="0">
  <reporter-output>
  </reporter-output>
  <suite started-at="2022-02-14T14:19:20 IST" name="Default suite" finished-at="2022-02-14T14:19:20 IST" duration-ms="75">
    <groups>
    </groups>
    <test started-at="2022-02-14T14:19:20 IST" name="Default test" finished-at="2022-02-14T14:19:20 IST" duration-ms="75">
      <class name="saleniumdemo.Demo1">
        <test-method signature="home2()[pri:0, instance:saleniumdemo.Demo1@1cbb87f3]" started-at="2022-02-14T14:19:20 IST" name="home2" finished-at="2022-02-14T14:19:20 IST" duration-ms="12" status="PASS">
          <reporter-output>
          </reporter-output>
        </test-method> <!-- home2 -->
        <test-method signature="logout()[pri:0, instance:saleniumdemo.Demo1@1cbb87f3]" started-at="2022-02-14T14:19:20 IST" name="logout" finished-at="2022-02-14T14:19:20 IST" duration-ms="1" status="PASS">
          <reporter-output>
          </reporter-output>
        </test-method> <!-- logout -->
      </class> <!-- saleniumdemo.Demo1 -->
    </test> <!-- Default test -->
  </suite> <!-- Default suite -->
</testng-results>
